#
# There is insufficient memory for the Java Runtime Environment to continue.
# Native memory allocation (mmap) failed to map 146800640 bytes. Error detail: G1 virtual space
# Possible reasons:
#   The system is out of physical RAM or swap space
#   This process is running with CompressedOops enabled, and the Java Heap may be blocking the growth of the native heap
# Possible solutions:
#   Reduce memory load on the system
#   Increase physical memory or swap space
#   Check if swap backing store is full
#   Decrease Java heap size (-Xmx/-Xms)
#   Decrease number of Java threads
#   Decrease Java thread stack sizes (-Xss)
#   Set larger code cache with -XX:ReservedCodeCacheSize=
#   JVM is running with Unscaled Compressed Oops mode in which the Java heap is
#     placed in the first 4GB address space. The Java Heap base address is the
#     maximum limit for the native heap growth. Please use -XX:HeapBaseMinAddress
#     to set the Java Heap base and to place the Java Heap above 4GB virtual address.
# This output file may be truncated or incomplete.
#
#  Out of Memory Error (os_windows.cpp:3690), pid=13912, tid=17644
#
# JRE version: OpenJDK Runtime Environment Microsoft-13106358 (17.0.18+8) (build 17.0.18+8-LTS)
# Java VM: OpenJDK 64-Bit Server VM Microsoft-13106358 (17.0.18+8-LTS, mixed mode, sharing, tiered, compressed oops, compressed class ptrs, g1 gc, windows-amd64)
# No core dump will be written. Minidumps are not enabled by default on client versions of Windows
#

---------------  S U M M A R Y ------------

Command Line: --enable-native-access=ALL-UNNAMED -Dfile.encoding=UTF-8 -Dclassworlds.conf=C:\Program Files\JetBrains\IntelliJ IDEA 2026.1\plugins\maven\lib\maven3\bin\m2.conf -Dmaven.home=C:\Program Files\JetBrains\IntelliJ IDEA 2026.1\plugins\maven\lib\maven3 -Dlibrary.jansi.path=C:\Program Files\JetBrains\IntelliJ IDEA 2026.1\plugins\maven\lib\maven3\lib\jansi-native -Dmaven.multiModuleProjectDirectory=D:\backend-toshani-NEW\parent-pom org.codehaus.plexus.classworlds.launcher.Launcher -Didea.version=2026.1 -Dmaven.ext.class.path=C:\Program Files\JetBrains\IntelliJ IDEA 2026.1\plugins\maven\lib\intellij.maven.rt\maven-event-listener.jar -Djansi.passthrough=true -Dstyle.color=always -Dmaven.repo.local=C:\Users\kumar\.m2\repository clean install -f pom.xml

Host: Intel(R) Core(TM) i3-7020U CPU @ 2.30GHz, 4 cores, 3G,  Windows 10 , 64 bit Build 19041 (10.0.19041.5915)
Time: Wed Apr 29 00:01:16 2026 India Standard Time elapsed time: 489.629779 seconds (0d 0h 8m 9s)

---------------  T H R E A D  ---------------

Current thread (0x00000152dd2c3e60):  VMThread "VM Thread" [stack: 0x0000000157d00000,0x0000000157e00000] [id=17644]

Stack: [0x0000000157d00000,0x0000000157e00000]
Native frames: (J=compiled Java code, j=interpreted, Vv=VM code, C=native code)
V  [jvm.dll+0x68c879]  (no source info available)
V  [jvm.dll+0x845979]  (no source info available)
V  [jvm.dll+0x8476e8]  (no source info available)
V  [jvm.dll+0x847d73]  (no source info available)
V  [jvm.dll+0x24cf6f]  (no source info available)
V  [jvm.dll+0x68bc79]  (no source info available)
V  [jvm.dll+0x68023a]  (no source info available)
V  [jvm.dll+0x3101a0]  (no source info available)
V  [jvm.dll+0x310042]  (no source info available)
V  [jvm.dll+0x317599]  (no source info available)
V  [jvm.dll+0x369999]  (no source info available)
V  [jvm.dll+0x369bcd]  (no source info available)
V  [jvm.dll+0x2e69aa]  (no source info available)
V  [jvm.dll+0x2e4da1]  (no source info available)
V  [jvm.dll+0x2e453c]  (no source info available)
V  [jvm.dll+0x3292a1]  (no source info available)
V  [jvm.dll+0x84c5fd]  (no source info available)
V  [jvm.dll+0x84d313]  (no source info available)
V  [jvm.dll+0x84d844]  (no source info available)
V  [jvm.dll+0x84dc28]  (no source info available)
V  [jvm.dll+0x84dd1e]  (no source info available)
V  [jvm.dll+0x7f5ebc]  (no source info available)
V  [jvm.dll+0x68de17]  (no source info available)
C  [ucrtbase.dll+0x21bb2]  (no source info available)
C  [KERNEL32.DLL+0x17374]  (no source info available)
C  [ntdll.dll+0x4cc91]  (no source info available)

VM_Operation (0x00000001577fc110): G1TryInitiateConcMark, mode: safepoint, requested by thread 0x00000152db0be7d0


---------------  P R O C E S S  ---------------

Threads class SMR info:
_java_thread_list=0x00000152fd14c480, length=13, elements={
0x00000152db0be7d0, 0x00000152dd2c8470, 0x00000152dd2ca0b0, 0x00000152f874f9f0,
0x00000152f87502c0, 0x00000152f8750b90, 0x00000152f8751460, 0x00000152f8752060,
0x00000152f8754980, 0x00000152f8756210, 0x00000152f8882820, 0x00000152f88933f0,
0x00000152fde18ea0
}

Java Threads: ( => current thread )
  0x00000152db0be7d0 JavaThread "main" [_thread_blocked, id=27196, stack(0x0000000157700000,0x0000000157800000)]
  0x00000152dd2c8470 JavaThread "Reference Handler" daemon [_thread_blocked, id=24456, stack(0x0000000157e00000,0x0000000157f00000)]
  0x00000152dd2ca0b0 JavaThread "Finalizer" daemon [_thread_blocked, id=28984, stack(0x0000000157f00000,0x0000000158000000)]
  0x00000152f874f9f0 JavaThread "Signal Dispatcher" daemon [_thread_blocked, id=27156, stack(0x0000000158000000,0x0000000158100000)]
  0x00000152f87502c0 JavaThread "Attach Listener" daemon [_thread_blocked, id=9912, stack(0x0000000158100000,0x0000000158200000)]
  0x00000152f8750b90 JavaThread "Service Thread" daemon [_thread_blocked, id=26504, stack(0x0000000158200000,0x0000000158300000)]
  0x00000152f8751460 JavaThread "Monitor Deflation Thread" daemon [_thread_blocked, id=24652, stack(0x0000000158300000,0x0000000158400000)]
  0x00000152f8752060 JavaThread "C2 CompilerThread0" daemon [_thread_blocked, id=24516, stack(0x0000000158400000,0x0000000158500000)]
  0x00000152f8754980 JavaThread "C1 CompilerThread0" daemon [_thread_blocked, id=26756, stack(0x0000000158500000,0x0000000158600000)]
  0x00000152f8756210 JavaThread "Sweeper thread" daemon [_thread_blocked, id=9324, stack(0x0000000158600000,0x0000000158700000)]
  0x00000152f8882820 JavaThread "Notification Thread" daemon [_thread_blocked, id=17884, stack(0x0000000158700000,0x0000000158800000)]
  0x00000152f88933f0 JavaThread "Common-Cleaner" daemon [_thread_blocked, id=15732, stack(0x0000000158900000,0x0000000158a00000)]
  0x00000152fde18ea0 JavaThread "Thread-1" daemon [_thread_blocked, id=26160, stack(0x0000000158c00000,0x0000000158d00000)]

Other Threads:
=>0x00000152dd2c3e60 VMThread "VM Thread" [stack: 0x0000000157d00000,0x0000000157e00000] [id=17644]
  0x00000152f8887110 WatcherThread [stack: 0x0000000158800000,0x0000000158900000] [id=20012]
  0x00000152dd24ab70 GCTaskThread "GC Thread#0" [stack: 0x0000000157800000,0x0000000157900000] [id=12600]
  0x00000152fd42f200 GCTaskThread "GC Thread#1" [stack: 0x0000000157500000,0x0000000157600000] [id=9780]
  0x00000152fd451560 GCTaskThread "GC Thread#2" [stack: 0x0000000158a00000,0x0000000158b00000] [id=19072]
  0x00000152fd451830 GCTaskThread "GC Thread#3" [stack: 0x0000000158b00000,0x0000000158c00000] [id=21868]
  0x00000152dd253720 ConcurrentGCThread "G1 Main Marker" [stack: 0x0000000157900000,0x0000000157a00000] [id=22556]
  0x00000152dd254050 ConcurrentGCThread "G1 Conc#0" [stack: 0x0000000157a00000,0x0000000157b00000] [id=26048]
  0x00000152dd2a1880 ConcurrentGCThread "G1 Refine#0" [stack: 0x0000000157b00000,0x0000000157c00000] [id=10960]
  0x00000152fede0970 ConcurrentGCThread "G1 Refine#1" [stack: 0x0000000157600000,0x0000000157700000] [id=11316]
  0x00000152dd2a21d0 ConcurrentGCThread "G1 Service" [stack: 0x0000000157c00000,0x0000000157d00000] [id=24936]

Threads with active compile tasks:

VM state: at safepoint (normal execution)

VM Mutex/Monitor currently owned by a thread:  ([mutex/lock_event])
[0x00000152db0bbe50] Threads_lock - owner thread: 0x00000152dd2c3e60
[0x00000152db0baf20] Heap_lock - owner thread: 0x00000152db0be7d0

Heap address: 0x00000000c1600000, size: 1002 MB, Compressed Oops mode: 32-bit

CDS archive(s) mapped at: [0x0000015280000000-0x0000015280bb0000-0x0000015280bb0000), size 12255232, SharedBaseAddress: 0x0000015280000000, ArchiveRelocationMode: 1.
Compressed class space mapped at: 0x0000015281000000-0x00000152c1000000, reserved size: 1073741824
Narrow klass base: 0x0000015280000000, Narrow klass shift: 0, Narrow klass range: 0x100000000

GC Precious Log:
 CPUs: 4 total, 4 available
 Memory: 4001M
 Large Page Support: Disabled
 NUMA Support: Disabled
 Compressed Oops: Enabled (32-bit)
 Heap Region Size: 1M
 Heap Min Capacity: 8M
 Heap Initial Capacity: 64M
 Heap Max Capacity: 1002M
 Pre-touch: Disabled
 Parallel Workers: 4
 Concurrent Workers: 1
 Concurrent Refinement Workers: 4
 Periodic GC: Disabled

Heap:
 garbage-first heap   total 189440K, used 81735K [0x00000000c1600000, 0x0000000100000000)
  region size 1024K, 1 young (1024K), 1 survivors (1024K)
 Metaspace       used 37497K, committed 37952K, reserved 1114112K
  class space    used 4139K, committed 4352K, reserved 1048576K

Heap Regions: E=young(eden), S=young(survivor), O=old, HS=humongous(starts), HC=humongous(continues), CS=collection set, F=free, OA=open archive, CA=closed archive, TAMS=top-at-mark-start (previous, next)
|   0|0x00000000c1600000, 0x00000000c1700000, 0x00000000c1700000|100%| O|  |TAMS 0x00000000c1700000, 0x00000000c1700000| Untracked 
|   1|0x00000000c1700000, 0x00000000c1800000, 0x00000000c1800000|100%| O|  |TAMS 0x00000000c1800000, 0x00000000c1800000| Untracked 
|   2|0x00000000c1800000, 0x00000000c1900000, 0x00000000c1900000|100%| O|  |TAMS 0x00000000c1900000, 0x00000000c1900000| Untracked 
|   3|0x00000000c1900000, 0x00000000c1a00000, 0x00000000c1a00000|100%| O|  |TAMS 0x00000000c1a00000, 0x00000000c1a00000| Untracked 
|   4|0x00000000c1a00000, 0x00000000c1b00000, 0x00000000c1b00000|100%| O|  |TAMS 0x00000000c1b00000, 0x00000000c1b00000| Untracked 
|   5|0x00000000c1b00000, 0x00000000c1c00000, 0x00000000c1c00000|100%| O|  |TAMS 0x00000000c1c00000, 0x00000000c1c00000| Untracked 
|   6|0x00000000c1c00000, 0x00000000c1d00000, 0x00000000c1d00000|100%| O|  |TAMS 0x00000000c1d00000, 0x00000000c1d00000| Untracked 
|   7|0x00000000c1d00000, 0x00000000c1e00000, 0x00000000c1e00000|100%| O|  |TAMS 0x00000000c1e00000, 0x00000000c1e00000| Untracked 
|   8|0x00000000c1e00000, 0x00000000c1f00000, 0x00000000c1f00000|100%| O|  |TAMS 0x00000000c1f00000, 0x00000000c1f00000| Untracked 
|   9|0x00000000c1f00000, 0x00000000c2000000, 0x00000000c2000000|100%| O|  |TAMS 0x00000000c2000000, 0x00000000c2000000| Untracked 
|  10|0x00000000c2000000, 0x00000000c2100000, 0x00000000c2100000|100%| O|  |TAMS 0x00000000c2100000, 0x00000000c2100000| Untracked 
|  11|0x00000000c2100000, 0x00000000c2200000, 0x00000000c2200000|100%| O|  |TAMS 0x00000000c2200000, 0x00000000c2200000| Untracked 
|  12|0x00000000c2200000, 0x00000000c2300000, 0x00000000c2300000|100%| O|  |TAMS 0x00000000c2300000, 0x00000000c2300000| Untracked 
|  13|0x00000000c2300000, 0x00000000c2400000, 0x00000000c2400000|100%| O|  |TAMS 0x00000000c2300000, 0x00000000c2400000| Untracked 
|  14|0x00000000c2400000, 0x00000000c2500000, 0x00000000c2500000|100%| O|  |TAMS 0x00000000c2500000, 0x00000000c2500000| Untracked 
|  15|0x00000000c2500000, 0x00000000c2600000, 0x00000000c2600000|100%| O|  |TAMS 0x00000000c2600000, 0x00000000c2600000| Untracked 
|  16|0x00000000c2600000, 0x00000000c2700000, 0x00000000c2700000|100%| O|  |TAMS 0x00000000c2700000, 0x00000000c2700000| Untracked 
|  17|0x00000000c2700000, 0x00000000c2800000, 0x00000000c2800000|100%| O|  |TAMS 0x00000000c2800000, 0x00000000c2800000| Untracked 
|  18|0x00000000c2800000, 0x00000000c2900000, 0x00000000c2900000|100%| O|  |TAMS 0x00000000c2900000, 0x00000000c2900000| Untracked 
|  19|0x00000000c2900000, 0x00000000c2a00000, 0x00000000c2a00000|100%| O|  |TAMS 0x00000000c2a00000, 0x00000000c2a00000| Untracked 
|  20|0x00000000c2a00000, 0x00000000c2b00000, 0x00000000c2b00000|100%| O|  |TAMS 0x00000000c2b00000, 0x00000000c2b00000| Untracked 
|  21|0x00000000c2b00000, 0x00000000c2c00000, 0x00000000c2c00000|100%| O|  |TAMS 0x00000000c2c00000, 0x00000000c2c00000| Untracked 
|  22|0x00000000c2c00000, 0x00000000c2d00000, 0x00000000c2d00000|100%| O|  |TAMS 0x00000000c2d00000, 0x00000000c2d00000| Untracked 
|  23|0x00000000c2d00000, 0x00000000c2e00000, 0x00000000c2e00000|100%| O|  |TAMS 0x00000000c2e00000, 0x00000000c2e00000| Untracked 
|  24|0x00000000c2e00000, 0x00000000c2f00000, 0x00000000c2f00000|100%| O|  |TAMS 0x00000000c2f00000, 0x00000000c2f00000| Untracked 
|  25|0x00000000c2f00000, 0x00000000c3000000, 0x00000000c3000000|100%| O|  |TAMS 0x00000000c3000000, 0x00000000c3000000| Untracked 
|  26|0x00000000c3000000, 0x00000000c3100000, 0x00000000c3100000|100%| O|  |TAMS 0x00000000c3100000, 0x00000000c3100000| Untracked 
|  27|0x00000000c3100000, 0x00000000c3200000, 0x00000000c3200000|100%| O|  |TAMS 0x00000000c3200000, 0x00000000c3200000| Untracked 
|  28|0x00000000c3200000, 0x00000000c3300000, 0x00000000c3300000|100%|HS|  |TAMS 0x00000000c3300000, 0x00000000c3300000| Complete 
|  29|0x00000000c3300000, 0x00000000c3400000, 0x00000000c3400000|100%| O|  |TAMS 0x00000000c3400000, 0x00000000c3400000| Untracked 
|  30|0x00000000c3400000, 0x00000000c3500000, 0x00000000c3500000|100%| O|  |TAMS 0x00000000c3500000, 0x00000000c3500000| Untracked 
|  31|0x00000000c3500000, 0x00000000c3600000, 0x00000000c3600000|100%| O|  |TAMS 0x00000000c3600000, 0x00000000c3600000| Untracked 
|  32|0x00000000c3600000, 0x00000000c3700000, 0x00000000c3700000|100%| O|  |TAMS 0x00000000c3700000, 0x00000000c3700000| Untracked 
|  33|0x00000000c3700000, 0x00000000c3800000, 0x00000000c3800000|100%| O|  |TAMS 0x00000000c3800000, 0x00000000c3800000| Untracked 
|  34|0x00000000c3800000, 0x00000000c3900000, 0x00000000c3900000|100%| O|  |TAMS 0x00000000c3900000, 0x00000000c3900000| Untracked 
|  35|0x00000000c3900000, 0x00000000c3a00000, 0x00000000c3a00000|100%| O|  |TAMS 0x00000000c3900000, 0x00000000c3a00000| Untracked 
|  36|0x00000000c3a00000, 0x00000000c3b00000, 0x00000000c3b00000|100%| O|  |TAMS 0x00000000c3b00000, 0x00000000c3b00000| Untracked 
|  37|0x00000000c3b00000, 0x00000000c3c00000, 0x00000000c3c00000|100%|HS|  |TAMS 0x00000000c3c00000, 0x00000000c3c00000| Complete 
|  38|0x00000000c3c00000, 0x00000000c3d00000, 0x00000000c3d00000|100%|HC|  |TAMS 0x00000000c3d00000, 0x00000000c3d00000| Complete 
|  39|0x00000000c3d00000, 0x00000000c3e00000, 0x00000000c3e00000|100%| O|  |TAMS 0x00000000c3e00000, 0x00000000c3e00000| Untracked 
|  40|0x00000000c3e00000, 0x00000000c3f00000, 0x00000000c3f00000|100%| O|  |TAMS 0x00000000c3f00000, 0x00000000c3f00000| Untracked 
|  41|0x00000000c3f00000, 0x00000000c4000000, 0x00000000c4000000|100%|HS|  |TAMS 0x00000000c4000000, 0x00000000c4000000| Complete 
|  42|0x00000000c4000000, 0x00000000c4100000, 0x00000000c4100000|100%| O|  |TAMS 0x00000000c4100000, 0x00000000c4100000| Untracked 
|  43|0x00000000c4100000, 0x00000000c4200000, 0x00000000c4200000|100%| O|  |TAMS 0x00000000c4200000, 0x00000000c4200000| Untracked 
|  44|0x00000000c4200000, 0x00000000c4300000, 0x00000000c4300000|100%| O|  |TAMS 0x00000000c4300000, 0x00000000c4300000| Untracked 
|  45|0x00000000c4300000, 0x00000000c4400000, 0x00000000c4400000|100%| O|  |TAMS 0x00000000c4400000, 0x00000000c4400000| Untracked 
|  46|0x00000000c4400000, 0x00000000c4500000, 0x00000000c4500000|100%| O|  |TAMS 0x00000000c4500000, 0x00000000c4500000| Untracked 
|  47|0x00000000c4500000, 0x00000000c4600000, 0x00000000c4600000|100%| O|  |TAMS 0x00000000c4600000, 0x00000000c4600000| Untracked 
|  48|0x00000000c4600000, 0x00000000c4700000, 0x00000000c4700000|100%| O|  |TAMS 0x00000000c4700000, 0x00000000c4700000| Untracked 
|  49|0x00000000c4700000, 0x00000000c4800000, 0x00000000c4800000|100%| O|  |TAMS 0x00000000c4800000, 0x00000000c4800000| Untracked 
|  50|0x00000000c4800000, 0x00000000c4900000, 0x00000000c4900000|100%| O|  |TAMS 0x00000000c4900000, 0x00000000c4900000| Untracked 
|  51|0x00000000c4900000, 0x00000000c4a00000, 0x00000000c4a00000|100%| O|  |TAMS 0x00000000c4a00000, 0x00000000c4a00000| Untracked 
|  52|0x00000000c4a00000, 0x00000000c4b00000, 0x00000000c4b00000|100%| O|  |TAMS 0x00000000c4b00000, 0x00000000c4b00000| Untracked 
|  53|0x00000000c4b00000, 0x00000000c4c00000, 0x00000000c4c00000|100%| O|  |TAMS 0x00000000c4c00000, 0x00000000c4c00000| Untracked 
|  54|0x00000000c4c00000, 0x00000000c4d00000, 0x00000000c4d00000|100%| O|  |TAMS 0x00000000c4d00000, 0x00000000c4d00000| Untracked 
|  55|0x00000000c4d00000, 0x00000000c4e00000, 0x00000000c4e00000|100%| O|  |TAMS 0x00000000c4e00000, 0x00000000c4e00000| Untracked 
|  56|0x00000000c4e00000, 0x00000000c4f00000, 0x00000000c4f00000|100%| O|  |TAMS 0x00000000c4f00000, 0x00000000c4f00000| Untracked 
|  57|0x00000000c4f00000, 0x00000000c5000000, 0x00000000c5000000|100%| O|  |TAMS 0x00000000c5000000, 0x00000000c5000000| Untracked 
|  58|0x00000000c5000000, 0x00000000c5100000, 0x00000000c5100000|100%| O|  |TAMS 0x00000000c5100000, 0x00000000c5100000| Untracked 
|  59|0x00000000c5100000, 0x00000000c5200000, 0x00000000c5200000|100%| O|  |TAMS 0x00000000c5200000, 0x00000000c5200000| Untracked 
|  60|0x00000000c5200000, 0x00000000c5200000, 0x00000000c5300000|  0%| F|  |TAMS 0x00000000c5200000, 0x00000000c5200000| Untracked 
|  61|0x00000000c5300000, 0x00000000c5400000, 0x00000000c5400000|100%| O|  |TAMS 0x00000000c5400000, 0x00000000c5400000| Untracked 
|  62|0x00000000c5400000, 0x00000000c5500000, 0x00000000c5500000|100%| O|  |TAMS 0x00000000c5500000, 0x00000000c5500000| Untracked 
|  63|0x00000000c5500000, 0x00000000c5600000, 0x00000000c5600000|100%| O|  |TAMS 0x00000000c5600000, 0x00000000c5600000| Untracked 
|  64|0x00000000c5600000, 0x00000000c5700000, 0x00000000c5700000|100%| O|  |TAMS 0x00000000c5700000, 0x00000000c5700000| Untracked 
|  65|0x00000000c5700000, 0x00000000c5800000, 0x00000000c5800000|100%| O|  |TAMS 0x00000000c5800000, 0x00000000c5800000| Untracked 
|  66|0x00000000c5800000, 0x00000000c5900000, 0x00000000c5900000|100%| O|  |TAMS 0x00000000c5900000, 0x00000000c5900000| Untracked 
|  67|0x00000000c5900000, 0x00000000c5a00000, 0x00000000c5a00000|100%| O|  |TAMS 0x00000000c5a00000, 0x00000000c5a00000| Untracked 
|  68|0x00000000c5a00000, 0x00000000c5b00000, 0x00000000c5b00000|100%| O|  |TAMS 0x00000000c5b00000, 0x00000000c5b00000| Untracked 
|  69|0x00000000c5b00000, 0x00000000c5c00000, 0x00000000c5c00000|100%| O|  |TAMS 0x00000000c5c00000, 0x00000000c5c00000| Untracked 
|  70|0x00000000c5c00000, 0x00000000c5d00000, 0x00000000c5d00000|100%|HS|  |TAMS 0x00000000c5d00000, 0x00000000c5d00000| Complete 
|  71|0x00000000c5d00000, 0x00000000c5e00000, 0x00000000c5e00000|100%|HC|  |TAMS 0x00000000c5e00000, 0x00000000c5e00000| Complete 
|  72|0x00000000c5e00000, 0x00000000c5f00000, 0x00000000c5f00000|100%| O|  |TAMS 0x00000000c5f00000, 0x00000000c5f00000| Untracked 
|  73|0x00000000c5f00000, 0x00000000c5f00000, 0x00000000c6000000|  0%| F|  |TAMS 0x00000000c5f00000, 0x00000000c5f00000| Untracked 
|  74|0x00000000c6000000, 0x00000000c6100000, 0x00000000c6100000|100%| O|  |TAMS 0x00000000c6100000, 0x00000000c6100000| Untracked 
|  75|0x00000000c6100000, 0x00000000c6200000, 0x00000000c6200000|100%| O|  |TAMS 0x00000000c6156a00, 0x00000000c6200000| Untracked 
|  76|0x00000000c6200000, 0x00000000c6300000, 0x00000000c6300000|100%| O|  |TAMS 0x00000000c6200000, 0x00000000c6300000| Untracked 
|  77|0x00000000c6300000, 0x00000000c6400000, 0x00000000c6400000|100%| O|  |TAMS 0x00000000c6300000, 0x00000000c6400000| Untracked 
|  78|0x00000000c6400000, 0x00000000c6500000, 0x00000000c6500000|100%| O|  |TAMS 0x00000000c6400000, 0x00000000c6500000| Untracked 
|  79|0x00000000c6500000, 0x00000000c6600000, 0x00000000c6600000|100%| O|  |TAMS 0x00000000c6500000, 0x00000000c6600000| Untracked 
|  80|0x00000000c6600000, 0x00000000c6700000, 0x00000000c6700000|100%| O|  |TAMS 0x00000000c6600000, 0x00000000c6700000| Untracked 
|  81|0x00000000c6700000, 0x00000000c6707e00, 0x00000000c6800000|  3%| O|  |TAMS 0x00000000c6700000, 0x00000000c6707e00| Untracked 
|  82|0x00000000c6800000, 0x00000000c6800000, 0x00000000c6900000|  0%| F|  |TAMS 0x00000000c6800000, 0x00000000c6800000| Untracked 
|  83|0x00000000c6900000, 0x00000000c6900000, 0x00000000c6a00000|  0%| F|  |TAMS 0x00000000c6900000, 0x00000000c6900000| Untracked 
|  84|0x00000000c6a00000, 0x00000000c6a00000, 0x00000000c6b00000|  0%| F|  |TAMS 0x00000000c6a00000, 0x00000000c6a00000| Untracked 
|  85|0x00000000c6b00000, 0x00000000c6b00000, 0x00000000c6c00000|  0%| F|  |TAMS 0x00000000c6b00000, 0x00000000c6b00000| Untracked 
|  86|0x00000000c6c00000, 0x00000000c6c00000, 0x00000000c6d00000|  0%| F|  |TAMS 0x00000000c6c00000, 0x00000000c6c00000| Untracked 
|  87|0x00000000c6d00000, 0x00000000c6d00000, 0x00000000c6e00000|  0%| F|  |TAMS 0x00000000c6d00000, 0x00000000c6d00000| Untracked 
|  88|0x00000000c6e00000, 0x00000000c6e00000, 0x00000000c6f00000|  0%| F|  |TAMS 0x00000000c6e00000, 0x00000000c6e00000| Untracked 
|  89|0x00000000c6f00000, 0x00000000c6f00000, 0x00000000c7000000|  0%| F|  |TAMS 0x00000000c6f00000, 0x00000000c6f00000| Untracked 
|  90|0x00000000c7000000, 0x00000000c7000000, 0x00000000c7100000|  0%| F|  |TAMS 0x00000000c7000000, 0x00000000c7000000| Untracked 
|  91|0x00000000c7100000, 0x00000000c7100000, 0x00000000c7200000|  0%| F|  |TAMS 0x00000000c7100000, 0x00000000c7100000| Untracked 
|  92|0x00000000c7200000, 0x00000000c7200000, 0x00000000c7300000|  0%| F|  |TAMS 0x00000000c7200000, 0x00000000c7200000| Untracked 
|  93|0x00000000c7300000, 0x00000000c7300000, 0x00000000c7400000|  0%| F|  |TAMS 0x00000000c7300000, 0x00000000c7300000| Untracked 
|  94|0x00000000c7400000, 0x00000000c7400000, 0x00000000c7500000|  0%| F|  |TAMS 0x00000000c7400000, 0x00000000c7400000| Untracked 
|  95|0x00000000c7500000, 0x00000000c7500000, 0x00000000c7600000|  0%| F|  |TAMS 0x00000000c7500000, 0x00000000c7500000| Untracked 
|  96|0x00000000c7600000, 0x00000000c7600000, 0x00000000c7700000|  0%| F|  |TAMS 0x00000000c7600000, 0x00000000c7600000| Untracked 
|  97|0x00000000c7700000, 0x00000000c7700000, 0x00000000c7800000|  0%| F|  |TAMS 0x00000000c7700000, 0x00000000c7700000| Untracked 
|  98|0x00000000c7800000, 0x00000000c7800000, 0x00000000c7900000|  0%| F|  |TAMS 0x00000000c7800000, 0x00000000c7800000| Untracked 
|  99|0x00000000c7900000, 0x00000000c7900000, 0x00000000c7a00000|  0%| F|  |TAMS 0x00000000c7900000, 0x00000000c7900000| Untracked 
| 100|0x00000000c7a00000, 0x00000000c7a00000, 0x00000000c7b00000|  0%| F|  |TAMS 0x00000000c7a00000, 0x00000000c7a00000| Untracked 
| 101|0x00000000c7b00000, 0x00000000c7b00000, 0x00000000c7c00000|  0%| F|  |TAMS 0x00000000c7b00000, 0x00000000c7b00000| Untracked 
| 102|0x00000000c7c00000, 0x00000000c7c00000, 0x00000000c7d00000|  0%| F|  |TAMS 0x00000000c7c00000, 0x00000000c7c00000| Untracked 
| 103|0x00000000c7d00000, 0x00000000c7d00000, 0x00000000c7e00000|  0%| F|  |TAMS 0x00000000c7d00000, 0x00000000c7d00000| Untracked 
| 104|0x00000000c7e00000, 0x00000000c7e00000, 0x00000000c7f00000|  0%| F|  |TAMS 0x00000000c7e00000, 0x00000000c7e00000| Untracked 
| 105|0x00000000c7f00000, 0x00000000c7f00000, 0x00000000c8000000|  0%| F|  |TAMS 0x00000000c7f00000, 0x00000000c7f00000| Untracked 
| 106|0x00000000c8000000, 0x00000000c8000000, 0x00000000c8100000|  0%| F|  |TAMS 0x00000000c8000000, 0x00000000c8000000| Untracked 
| 107|0x00000000c8100000, 0x00000000c8100000, 0x00000000c8200000|  0%| F|  |TAMS 0x00000000c8100000, 0x00000000c8100000| Untracked 
| 108|0x00000000c8200000, 0x00000000c8200000, 0x00000000c8300000|  0%| F|  |TAMS 0x00000000c8200000, 0x00000000c8200000| Untracked 
| 109|0x00000000c8300000, 0x00000000c8300000, 0x00000000c8400000|  0%| F|  |TAMS 0x00000000c8300000, 0x00000000c8300000| Untracked 
| 110|0x00000000c8400000, 0x00000000c8400000, 0x00000000c8500000|  0%| F|  |TAMS 0x00000000c8400000, 0x00000000c8400000| Untracked 
| 111|0x00000000c8500000, 0x00000000c8500000, 0x00000000c8600000|  0%| F|  |TAMS 0x00000000c8500000, 0x00000000c8500000| Untracked 
| 112|0x00000000c8600000, 0x00000000c8600000, 0x00000000c8700000|  0%| F|  |TAMS 0x00000000c8600000, 0x00000000c8600000| Untracked 
| 113|0x00000000c8700000, 0x00000000c8700000, 0x00000000c8800000|  0%| F|  |TAMS 0x00000000c8700000, 0x00000000c8700000| Untracked 
| 114|0x00000000c8800000, 0x00000000c8800000, 0x00000000c8900000|  0%| F|  |TAMS 0x00000000c8800000, 0x00000000c8800000| Untracked 
| 115|0x00000000c8900000, 0x00000000c8900000, 0x00000000c8a00000|  0%| F|  |TAMS 0x00000000c8900000, 0x00000000c8900000| Untracked 
| 116|0x00000000c8a00000, 0x00000000c8a00000, 0x00000000c8b00000|  0%| F|  |TAMS 0x00000000c8a00000, 0x00000000c8a00000| Untracked 
| 117|0x00000000c8b00000, 0x00000000c8b00000, 0x00000000c8c00000|  0%| F|  |TAMS 0x00000000c8b00000, 0x00000000c8b00000| Untracked 
| 118|0x00000000c8c00000, 0x00000000c8c00000, 0x00000000c8d00000|  0%| F|  |TAMS 0x00000000c8c00000, 0x00000000c8c00000| Untracked 
| 119|0x00000000c8d00000, 0x00000000c8d00000, 0x00000000c8e00000|  0%| F|  |TAMS 0x00000000c8d00000, 0x00000000c8d00000| Untracked 
| 120|0x00000000c8e00000, 0x00000000c8e00000, 0x00000000c8f00000|  0%| F|  |TAMS 0x00000000c8e00000, 0x00000000c8e00000| Untracked 
| 121|0x00000000c8f00000, 0x00000000c8f00000, 0x00000000c9000000|  0%| F|  |TAMS 0x00000000c8f00000, 0x00000000c8f00000| Untracked 
| 122|0x00000000c9000000, 0x00000000c9000000, 0x00000000c9100000|  0%| F|  |TAMS 0x00000000c9000000, 0x00000000c9000000| Untracked 
| 123|0x00000000c9100000, 0x00000000c9100000, 0x00000000c9200000|  0%| F|  |TAMS 0x00000000c9100000, 0x00000000c9100000| Untracked 
| 124|0x00000000c9200000, 0x00000000c9200000, 0x00000000c9300000|  0%| F|  |TAMS 0x00000000c9200000, 0x00000000c9200000| Untracked 
| 125|0x00000000c9300000, 0x00000000c9300000, 0x00000000c9400000|  0%| F|  |TAMS 0x00000000c9300000, 0x00000000c9300000| Untracked 
| 126|0x00000000c9400000, 0x00000000c9400000, 0x00000000c9500000|  0%| F|  |TAMS 0x00000000c9400000, 0x00000000c9400000| Untracked 
| 127|0x00000000c9500000, 0x00000000c9500000, 0x00000000c9600000|  0%| F|  |TAMS 0x00000000c9500000, 0x00000000c9500000| Untracked 
| 128|0x00000000c9600000, 0x00000000c9600000, 0x00000000c9700000|  0%| F|  |TAMS 0x00000000c9600000, 0x00000000c9600000| Untracked 
| 129|0x00000000c9700000, 0x00000000c9700000, 0x00000000c9800000|  0%| F|  |TAMS 0x00000000c9700000, 0x00000000c9700000| Untracked 
| 130|0x00000000c9800000, 0x00000000c9800000, 0x00000000c9900000|  0%| F|  |TAMS 0x00000000c9800000, 0x00000000c9800000| Untracked 
| 131|0x00000000c9900000, 0x00000000c9900000, 0x00000000c9a00000|  0%| F|  |TAMS 0x00000000c9900000, 0x00000000c9900000| Untracked 
| 132|0x00000000c9a00000, 0x00000000c9a00000, 0x00000000c9b00000|  0%| F|  |TAMS 0x00000000c9a00000, 0x00000000c9a00000| Untracked 
| 133|0x00000000c9b00000, 0x00000000c9b00000, 0x00000000c9c00000|  0%| F|  |TAMS 0x00000000c9b00000, 0x00000000c9b00000| Untracked 
| 134|0x00000000c9c00000, 0x00000000c9c00000, 0x00000000c9d00000|  0%| F|  |TAMS 0x00000000c9c00000, 0x00000000c9c00000| Untracked 
| 135|0x00000000c9d00000, 0x00000000c9d00000, 0x00000000c9e00000|  0%| F|  |TAMS 0x00000000c9d00000, 0x00000000c9d00000| Untracked 
| 136|0x00000000c9e00000, 0x00000000c9e00000, 0x00000000c9f00000|  0%| F|  |TAMS 0x00000000c9e00000, 0x00000000c9e00000| Untracked 
| 137|0x00000000c9f00000, 0x00000000c9f00000, 0x00000000ca000000|  0%| F|  |TAMS 0x00000000c9f00000, 0x00000000c9f00000| Untracked 
| 138|0x00000000ca000000, 0x00000000ca000000, 0x00000000ca100000|  0%| F|  |TAMS 0x00000000ca000000, 0x00000000ca000000| Untracked 
| 139|0x00000000ca100000, 0x00000000ca100000, 0x00000000ca200000|  0%| F|  |TAMS 0x00000000ca100000, 0x00000000ca100000| Untracked 
| 140|0x00000000ca200000, 0x00000000ca200000, 0x00000000ca300000|  0%| F|  |TAMS 0x00000000ca200000, 0x00000000ca200000| Untracked 
| 141|0x00000000ca300000, 0x00000000ca300000, 0x00000000ca400000|  0%| F|  |TAMS 0x00000000ca300000, 0x00000000ca300000| Untracked 
| 142|0x00000000ca400000, 0x00000000ca400000, 0x00000000ca500000|  0%| F|  |TAMS 0x00000000ca400000, 0x00000000ca400000| Untracked 
| 143|0x00000000ca500000, 0x00000000ca500000, 0x00000000ca600000|  0%| F|  |TAMS 0x00000000ca500000, 0x00000000ca500000| Untracked 
| 144|0x00000000ca600000, 0x00000000ca600000, 0x00000000ca700000|  0%| F|  |TAMS 0x00000000ca600000, 0x00000000ca600000| Untracked 
| 145|0x00000000ca700000, 0x00000000ca700000, 0x00000000ca800000|  0%| F|  |TAMS 0x00000000ca700000, 0x00000000ca700000| Untracked 
| 146|0x00000000ca800000, 0x00000000ca800000, 0x00000000ca900000|  0%| F|  |TAMS 0x00000000ca800000, 0x00000000ca800000| Untracked 
| 147|0x00000000ca900000, 0x00000000ca900000, 0x00000000caa00000|  0%| F|  |TAMS 0x00000000ca900000, 0x00000000ca900000| Untracked 
| 148|0x00000000caa00000, 0x00000000caa00000, 0x00000000cab00000|  0%| F|  |TAMS 0x00000000caa00000, 0x00000000caa00000| Untracked 
| 149|0x00000000cab00000, 0x00000000cab00000, 0x00000000cac00000|  0%| F|  |TAMS 0x00000000cab00000, 0x00000000cab00000| Untracked 
| 150|0x00000000cac00000, 0x00000000cac00000, 0x00000000cad00000|  0%| F|  |TAMS 0x00000000cac00000, 0x00000000cac00000| Untracked 
| 151|0x00000000cad00000, 0x00000000cad00000, 0x00000000cae00000|  0%| F|  |TAMS 0x00000000cad00000, 0x00000000cad00000| Untracked 
| 152|0x00000000cae00000, 0x00000000cae00000, 0x00000000caf00000|  0%| F|  |TAMS 0x00000000cae00000, 0x00000000cae00000| Untracked 
| 153|0x00000000caf00000, 0x00000000caf00000, 0x00000000cb000000|  0%| F|  |TAMS 0x00000000caf00000, 0x00000000caf00000| Untracked 
| 154|0x00000000cb000000, 0x00000000cb000000, 0x00000000cb100000|  0%| F|  |TAMS 0x00000000cb000000, 0x00000000cb000000| Untracked 
| 155|0x00000000cb100000, 0x00000000cb100000, 0x00000000cb200000|  0%| F|  |TAMS 0x00000000cb100000, 0x00000000cb100000| Untracked 
| 156|0x00000000cb200000, 0x00000000cb200000, 0x00000000cb300000|  0%| F|  |TAMS 0x00000000cb200000, 0x00000000cb200000| Untracked 
| 157|0x00000000cb300000, 0x00000000cb300000, 0x00000000cb400000|  0%| F|  |TAMS 0x00000000cb300000, 0x00000000cb300000| Untracked 
| 158|0x00000000cb400000, 0x00000000cb400000, 0x00000000cb500000|  0%| F|  |TAMS 0x00000000cb400000, 0x00000000cb400000| Untracked 
| 159|0x00000000cb500000, 0x00000000cb500000, 0x00000000cb600000|  0%| F|  |TAMS 0x00000000cb500000, 0x00000000cb500000| Untracked 
| 160|0x00000000cb600000, 0x00000000cb600000, 0x00000000cb700000|  0%| F|  |TAMS 0x00000000cb600000, 0x00000000cb600000| Untracked 
| 161|0x00000000cb700000, 0x00000000cb700000, 0x00000000cb800000|  0%| F|  |TAMS 0x00000000cb700000, 0x00000000cb700000| Untracked 
| 162|0x00000000cb800000, 0x00000000cb800000, 0x00000000cb900000|  0%| F|  |TAMS 0x00000000cb800000, 0x00000000cb800000| Untracked 
| 163|0x00000000cb900000, 0x00000000cb9c9e00, 0x00000000cba00000| 78%| S|CS|TAMS 0x00000000cb900000, 0x00000000cb900000| Complete 
| 164|0x00000000cba00000, 0x00000000cba00000, 0x00000000cbb00000|  0%| F|  |TAMS 0x00000000cba00000, 0x00000000cba00000| Untracked 
| 165|0x00000000cbb00000, 0x00000000cbb00000, 0x00000000cbc00000|  0%| F|  |TAMS 0x00000000cbb00000, 0x00000000cbb00000| Untracked 
| 166|0x00000000cbc00000, 0x00000000cbc00000, 0x00000000cbd00000|  0%| F|  |TAMS 0x00000000cbc00000, 0x00000000cbc00000| Untracked 
| 167|0x00000000cbd00000, 0x00000000cbd00000, 0x00000000cbe00000|  0%| F|  |TAMS 0x00000000cbd00000, 0x00000000cbd00000| Untracked 
| 168|0x00000000cbe00000, 0x00000000cbe00000, 0x00000000cbf00000|  0%| F|  |TAMS 0x00000000cbe00000, 0x00000000cbe00000| Untracked 
| 169|0x00000000cbf00000, 0x00000000cbf00000, 0x00000000cc000000|  0%| F|  |TAMS 0x00000000cbf00000, 0x00000000cbf00000| Untracked 
| 170|0x00000000cc000000, 0x00000000cc000000, 0x00000000cc100000|  0%| F|  |TAMS 0x00000000cc000000, 0x00000000cc000000| Untracked 
| 171|0x00000000cc100000, 0x00000000cc100000, 0x00000000cc200000|  0%| F|  |TAMS 0x00000000cc100000, 0x00000000cc100000| Untracked 
| 172|0x00000000cc200000, 0x00000000cc200000, 0x00000000cc300000|  0%| F|  |TAMS 0x00000000cc200000, 0x00000000cc200000| Untracked 
| 173|0x00000000cc300000, 0x00000000cc300000, 0x00000000cc400000|  0%| F|  |TAMS 0x00000000cc300000, 0x00000000cc300000| Untracked 
| 174|0x00000000cc400000, 0x00000000cc400000, 0x00000000cc500000|  0%| F|  |TAMS 0x00000000cc400000, 0x00000000cc400000| Untracked 
| 175|0x00000000cc500000, 0x00000000cc500000, 0x00000000cc600000|  0%| F|  |TAMS 0x00000000cc500000, 0x00000000cc500000| Untracked 
| 176|0x00000000cc600000, 0x00000000cc600000, 0x00000000cc700000|  0%| F|  |TAMS 0x00000000cc600000, 0x00000000cc600000| Untracked 
| 177|0x00000000cc700000, 0x00000000cc700000, 0x00000000cc800000|  0%| F|  |TAMS 0x00000000cc700000, 0x00000000cc700000| Untracked 
| 178|0x00000000cc800000, 0x00000000cc800000, 0x00000000cc900000|  0%| F|  |TAMS 0x00000000cc800000, 0x00000000cc800000| Untracked 
| 319|0x00000000d5500000, 0x00000000d5500000, 0x00000000d5600000|  0%| F|  |TAMS 0x00000000d5500000, 0x00000000d5500000| Untracked 
| 321|0x00000000d5700000, 0x00000000d5700000, 0x00000000d5800000|  0%| F|  |TAMS 0x00000000d5700000, 0x00000000d5700000| Untracked 
| 322|0x00000000d5800000, 0x00000000d5800000, 0x00000000d5900000|  0%| F|  |TAMS 0x00000000d5800000, 0x00000000d5800000| Untracked 
| 323|0x00000000d5900000, 0x00000000d5900000, 0x00000000d5a00000|  0%| F|  |TAMS 0x00000000d5900000, 0x00000000d5900000| Untracked 
| 324|0x00000000d5a00000, 0x00000000d5a00000, 0x00000000d5b00000|  0%| F|  |TAMS 0x00000000d5a00000, 0x00000000d5a00000| Untracked 
| 325|0x00000000d5b00000, 0x00000000d5b00000, 0x00000000d5c00000|  0%| F|  |TAMS 0x00000000d5b00000, 0x00000000d5b00000| Untracked 

Card table byte_map: [0x00000152f3f90000,0x00000152f4190000] _byte_map_base: 0x00000152f3985000

Marking Bits (Prev, Next): (CMBitMap*) 0x00000152dd24b0b0, (CMBitMap*) 0x00000152dd24b0f0
 Prev Bits: [0x00000152f4390000, 0x00000152f5338000)
 Next Bits: [0x00000152f5340000, 0x00000152f62e8000)

Polling page: 0x00000152db1e0000

Metaspace:

Usage:
  Non-class:     32.58 MB used.
      Class:      4.04 MB used.
       Both:     36.62 MB used.

Virtual space:
  Non-class space:       64.00 MB reserved,      32.81 MB ( 51%) committed,  1 nodes.
      Class space:        1.00 GB reserved,       4.25 MB ( <1%) committed,  1 nodes.
             Both:        1.06 GB reserved,      37.06 MB (  3%) committed. 

Chunk freelists:
   Non-Class:  14.31 MB
       Class:  11.76 MB
        Both:  26.07 MB

MaxMetaspaceSize: unlimited
CompressedClassSpaceSize: 1.00 GB
Initial GC threshold: 21.00 MB
Current GC threshold: 61.69 MB
CDS: on
MetaspaceReclaimPolicy: balanced
 - commit_granule_bytes: 65536.
 - commit_granule_words: 8192.
 - virtual_space_node_default_size: 8388608.
 - enlarge_chunks_in_place: 1.
 - new_chunks_are_fully_committed: 0.
 - uncommit_free_chunks: 1.
 - use_allocation_guard: 0.
 - handle_deallocations: 1.


Internal statistics:

num_allocs_failed_limit: 12.
num_arena_births: 380.
num_arena_deaths: 26.
num_vsnodes_births: 2.
num_vsnodes_deaths: 0.
num_space_committed: 674.
num_space_uncommitted: 81.
num_chunks_returned_to_freelist: 342.
num_chunks_taken_from_freelist: 2136.
num_chunk_merges: 112.
num_chunk_splits: 1454.
num_chunks_enlarged: 1089.
num_inconsistent_stats: 0.

CodeHeap 'non-profiled nmethods': size=120000Kb used=8251Kb max_used=8251Kb free=111748Kb
 bounds [0x00000152ec860000, 0x00000152ed070000, 0x00000152f3d90000]
CodeHeap 'profiled nmethods': size=120000Kb used=21281Kb max_used=21281Kb free=98718Kb
 bounds [0x00000152e4d90000, 0x00000152e6260000, 0x00000152ec2c0000]
CodeHeap 'non-nmethods': size=5760Kb used=1240Kb max_used=1365Kb free=4519Kb
 bounds [0x00000152ec2c0000, 0x00000152ec530000, 0x00000152ec860000]
 total_blobs=10111 nmethods=9558 adapters=465
 compilation: enabled
              stopped_count=0, restarted_count=0
 full_count=0

Compilation events (20 events):
Event: 489.179 Thread 0x00000152f8752060 12100       4       java.lang.CharacterDataLatin1::isLowerCase (16 bytes)
Event: 489.180 Thread 0x00000152f8752060 nmethod 12100 0x00000152ed06e710 code [0x00000152ed06e8a0, 0x00000152ed06e958]
Event: 489.181 Thread 0x00000152f8754980 12101       3       lombok.core.handlers.InclusionExclusionUtils$1::compare (70 bytes)
Event: 489.182 Thread 0x00000152f8754980 nmethod 12101 0x00000152e6252510 code [0x00000152e6252720, 0x00000152e6252fe8]
Event: 489.192 Thread 0x00000152f8754980 12102       3       lombok.javac.handlers.HandleGetter::findDelegatesAndRemoveFromField (153 bytes)
Event: 489.194 Thread 0x00000152f8754980 nmethod 12102 0x00000152e6253210 code [0x00000152e62535e0, 0x00000152e6255658]
Event: 489.195 Thread 0x00000152f8754980 12103       3       lombok.javac.JavacNode::isFinal (86 bytes)
Event: 489.195 Thread 0x00000152f8754980 nmethod 12103 0x00000152e6256090 code [0x00000152e6256280, 0x00000152e6256b48]
Event: 489.212 Thread 0x00000152f8752060 12104       4       com.sun.tools.javac.tree.TreeMaker::Assign (20 bytes)
Event: 489.213 Thread 0x00000152f8752060 nmethod 12104 0x00000152ed06ea10 code [0x00000152ed06eba0, 0x00000152ed06ec98]
Event: 489.217 Thread 0x00000152f8754980 12105       3       lombok.javac.handlers.JavacHandlerUtil$CopyJavadoc$3::apply (8 bytes)
Event: 489.218 Thread 0x00000152f8754980 nmethod 12105 0x00000152e6256d10 code [0x00000152e6256ec0, 0x00000152e6257068]
Event: 489.218 Thread 0x00000152f8754980 12106       3       lombok.javac.handlers.JavacHandlerUtil$CopyJavadoc$6::<init> (20 bytes)
Event: 489.218 Thread 0x00000152f8754980 nmethod 12106 0x00000152e6257190 code [0x00000152e6257340, 0x00000152e6257578]
Event: 489.242 Thread 0x00000152f8754980 12107       3       lombok.javac.handlers.HandleSetter::createSetter (26 bytes)
Event: 489.243 Thread 0x00000152f8754980 nmethod 12107 0x00000152e6257690 code [0x00000152e6257840, 0x00000152e62579a8]
Event: 489.245 Thread 0x00000152f8754980 12108   !   3       lombok.javac.Javac::createVoidType (123 bytes)
Event: 489.248 Thread 0x00000152f8754980 nmethod 12108 0x00000152e6257a90 code [0x00000152e6257e40, 0x00000152e62596b8]
Event: 489.248 Thread 0x00000152f8754980 12109       3       lombok.javac.handlers.JavacHandlerUtil::mergeAnnotations (111 bytes)
Event: 489.249 Thread 0x00000152f8754980 nmethod 12109 0x00000152e625a190 code [0x00000152e625a4a0, 0x00000152e625b9b8]

GC Heap History (20 events):
Event: 457.424 GC heap after
{Heap after GC invocations=64 (full 0):
 garbage-first heap   total 178176K, used 64400K [0x00000000c1600000, 0x0000000100000000)
  region size 1024K, 2 young (2048K), 2 survivors (2048K)
 Metaspace       used 35433K, committed 35968K, reserved 1114112K
  class space    used 3934K, committed 4224K, reserved 1048576K
}
Event: 457.632 GC heap before
{Heap before GC invocations=64 (full 0):
 garbage-first heap   total 178176K, used 65424K [0x00000000c1600000, 0x0000000100000000)
  region size 1024K, 4 young (4096K), 2 survivors (2048K)
 Metaspace       used 35433K, committed 35968K, reserved 1114112K
  class space    used 3934K, committed 4224K, reserved 1048576K
}
Event: 457.658 GC heap after
{Heap after GC invocations=65 (full 0):
 garbage-first heap   total 178176K, used 64043K [0x00000000c1600000, 0x0000000100000000)
  region size 1024K, 1 young (1024K), 1 survivors (1024K)
 Metaspace       used 35433K, committed 35968K, reserved 1114112K
  class space    used 3934K, committed 4224K, reserved 1048576K
}
Event: 464.539 GC heap before
{Heap before GC invocations=66 (full 0):
 garbage-first heap   total 178176K, used 119339K [0x00000000c1600000, 0x0000000100000000)
  region size 1024K, 54 young (55296K), 1 survivors (1024K)
 Metaspace       used 35557K, committed 36032K, reserved 1114112K
  class space    used 3935K, committed 4224K, reserved 1048576K
}
Event: 464.565 GC heap after
{Heap after GC invocations=67 (full 0):
 garbage-first heap   total 178176K, used 74072K [0x00000000c1600000, 0x0000000100000000)
  region size 1024K, 7 young (7168K), 7 survivors (7168K)
 Metaspace       used 35557K, committed 36032K, reserved 1114112K
  class space    used 3935K, committed 4224K, reserved 1048576K
}
Event: 464.623 GC heap before
{Heap before GC invocations=67 (full 0):
 garbage-first heap   total 178176K, used 75096K [0x00000000c1600000, 0x0000000100000000)
  region size 1024K, 8 young (8192K), 7 survivors (7168K)
 Metaspace       used 35557K, committed 36032K, reserved 1114112K
  class space    used 3935K, committed 4224K, reserved 1048576K
}
Event: 464.658 GC heap after
{Heap after GC invocations=68 (full 0):
 garbage-first heap   total 178176K, used 74428K [0x00000000c1600000, 0x0000000100000000)
  region size 1024K, 1 young (1024K), 1 survivors (1024K)
 Metaspace       used 35557K, committed 36032K, reserved 1114112K
  class space    used 3935K, committed 4224K, reserved 1048576K
}
Event: 471.535 GC heap before
{Heap before GC invocations=68 (full 0):
 garbage-first heap   total 178176K, used 124604K [0x00000000c1600000, 0x0000000100000000)
  region size 1024K, 51 young (52224K), 1 survivors (1024K)
 Metaspace       used 36718K, committed 37120K, reserved 1114112K
  class space    used 4073K, committed 4288K, reserved 1048576K
}
Event: 471.547 GC heap after
{Heap after GC invocations=69 (full 0):
 garbage-first heap   total 178176K, used 75353K [0x00000000c1600000, 0x0000000100000000)
  region size 1024K, 2 young (2048K), 2 survivors (2048K)
 Metaspace       used 36718K, committed 37120K, reserved 1114112K
  class space    used 4073K, committed 4288K, reserved 1048576K
}
Event: 483.906 GC heap before
{Heap before GC invocations=70 (full 0):
 garbage-first heap   total 178176K, used 128601K [0x00000000c1600000, 0x0000000100000000)
  region size 1024K, 54 young (55296K), 2 survivors (2048K)
 Metaspace       used 37237K, committed 37696K, reserved 1114112K
  class space    used 4131K, committed 4352K, reserved 1048576K
}
Event: 483.941 GC heap after
{Heap after GC invocations=71 (full 0):
 garbage-first heap   total 178176K, used 76234K [0x00000000c1600000, 0x0000000100000000)
  region size 1024K, 3 young (3072K), 3 survivors (3072K)
 Metaspace       used 37237K, committed 37696K, reserved 1114112K
  class space    used 4131K, committed 4352K, reserved 1048576K
}
Event: 484.185 GC heap before
{Heap before GC invocations=71 (full 0):
 garbage-first heap   total 178176K, used 81354K [0x00000000c1600000, 0x0000000100000000)
  region size 1024K, 8 young (8192K), 3 survivors (3072K)
 Metaspace       used 37274K, committed 37696K, reserved 1114112K
  class space    used 4133K, committed 4352K, reserved 1048576K
}
Event: 484.243 GC heap after
{Heap after GC invocations=72 (full 0):
 garbage-first heap   total 178176K, used 75685K [0x00000000c1600000, 0x0000000100000000)
  region size 1024K, 1 young (1024K), 1 survivors (1024K)
 Metaspace       used 37274K, committed 37696K, reserved 1114112K
  class space    used 4133K, committed 4352K, reserved 1048576K
}
Event: 486.612 GC heap before
{Heap before GC invocations=72 (full 0):
 garbage-first heap   total 178176K, used 132005K [0x00000000c1600000, 0x0000000100000000)
  region size 1024K, 56 young (57344K), 1 survivors (1024K)
 Metaspace       used 37435K, committed 37824K, reserved 1114112K
  class space    used 4137K, committed 4352K, reserved 1048576K
}
Event: 486.634 GC heap after
{Heap after GC invocations=73 (full 0):
 garbage-first heap   total 178176K, used 78661K [0x00000000c1600000, 0x0000000100000000)
  region size 1024K, 4 young (4096K), 4 survivors (4096K)
 Metaspace       used 37435K, committed 37824K, reserved 1114112K
  class space    used 4137K, committed 4352K, reserved 1048576K
}
Event: 488.786 GC heap before
{Heap before GC invocations=74 (full 0):
 garbage-first heap   total 179200K, used 136005K [0x00000000c1600000, 0x0000000100000000)
  region size 1024K, 60 young (61440K), 4 survivors (4096K)
 Metaspace       used 37494K, committed 37952K, reserved 1114112K
  class space    used 4139K, committed 4352K, reserved 1048576K
}
Event: 488.819 GC heap after
{Heap after GC invocations=75 (full 0):
 garbage-first heap   total 179200K, used 82155K [0x00000000c1600000, 0x0000000100000000)
  region size 1024K, 7 young (7168K), 7 survivors (7168K)
 Metaspace       used 37494K, committed 37952K, reserved 1114112K
  class space    used 4139K, committed 4352K, reserved 1048576K
}
Event: 488.916 GC heap before
{Heap before GC invocations=75 (full 0):
 garbage-first heap   total 179200K, used 83179K [0x00000000c1600000, 0x0000000100000000)
  region size 1024K, 8 young (8192K), 7 survivors (7168K)
 Metaspace       used 37494K, committed 37952K, reserved 1114112K
  class space    used 4139K, committed 4352K, reserved 1048576K
}
Event: 489.024 GC heap after
{Heap after GC invocations=76 (full 0):
 garbage-first heap   total 179200K, used 81951K [0x00000000c1600000, 0x0000000100000000)
  region size 1024K, 1 young (1024K), 1 survivors (1024K)
 Metaspace       used 37494K, committed 37952K, reserved 1114112K
  class space    used 4139K, committed 4352K, reserved 1048576K
}
Event: 489.268 GC heap before
{Heap before GC invocations=76 (full 0):
 garbage-first heap   total 179200K, used 91167K [0x00000000c1600000, 0x0000000100000000)
  region size 1024K, 11 young (11264K), 1 survivors (1024K)
 Metaspace       used 37497K, committed 37952K, reserved 1114112K
  class space    used 4139K, committed 4352K, reserved 1048576K
}

Dll operation events (8 events):
Event: 0.199 Loaded shared library C:\Users\kumar\.jdks\ms-17.0.18\bin\java.dll
Event: 0.285 Loaded shared library C:\Users\kumar\.jdks\ms-17.0.18\bin\jsvml.dll
Event: 0.540 Loaded shared library C:\Users\kumar\.jdks\ms-17.0.18\bin\net.dll
Event: 0.557 Loaded shared library C:\Users\kumar\.jdks\ms-17.0.18\bin\nio.dll
Event: 0.639 Loaded shared library C:\Users\kumar\.jdks\ms-17.0.18\bin\zip.dll
Event: 36.485 Loaded shared library C:\Program Files\JetBrains\IntelliJ IDEA 2026.1\plugins\maven\lib\maven3\lib\jansi-native\Windows\x86_64\jansi.dll
Event: 36.489 Loaded shared library C:\Users\kumar\.jdks\ms-17.0.18\bin\jimage.dll
Event: 36.535 Loaded shared library C:\Users\kumar\.jdks\ms-17.0.18\bin\verify.dll

Deoptimization events (20 events):
Event: 483.540 Thread 0x00000152db0be7d0 DEOPT PACKING pc=0x00000152ecfdcb44 sp=0x00000001577fcdd0
Event: 483.540 Thread 0x00000152db0be7d0 DEOPT UNPACKING pc=0x00000152ec3169a3 sp=0x00000001577fcd68 mode 2
Event: 483.541 Thread 0x00000152db0be7d0 Uncommon trap: trap_request=0xffffff45 fr.pc=0x00000152ecfe0a64 relative=0x00000000000007c4
Event: 483.541 Thread 0x00000152db0be7d0 Uncommon trap: reason=unstable_if action=reinterpret pc=0x00000152ecfe0a64 method=lombok.core.configuration.BubblingConfigurationResolver.resolve(Llombok/core/configuration/ConfigurationKey;)Ljava/lang/Object; @ 297 c2
Event: 483.541 Thread 0x00000152db0be7d0 DEOPT PACKING pc=0x00000152ecfe0a64 sp=0x00000001577fcc60
Event: 483.541 Thread 0x00000152db0be7d0 DEOPT UNPACKING pc=0x00000152ec3169a3 sp=0x00000001577fcc00 mode 2
Event: 483.957 Thread 0x00000152db0be7d0 Uncommon trap: trap_request=0xffffff45 fr.pc=0x00000152ed009b30 relative=0x0000000000000470
Event: 483.958 Thread 0x00000152db0be7d0 Uncommon trap: reason=unstable_if action=reinterpret pc=0x00000152ed009b30 method=lombok.javac.handlers.JavacHandlerUtil.typeMatches(Ljava/lang/String;Llombok/javac/JavacNode;Ljava/lang/String;)Z @ 98 c2
Event: 483.958 Thread 0x00000152db0be7d0 DEOPT PACKING pc=0x00000152ed009b30 sp=0x00000001577fce90
Event: 483.958 Thread 0x00000152db0be7d0 DEOPT UNPACKING pc=0x00000152ec3169a3 sp=0x00000001577fce48 mode 2
Event: 483.959 Thread 0x00000152db0be7d0 Uncommon trap: trap_request=0xffffff45 fr.pc=0x00000152ecfefd94 relative=0x0000000000003394
Event: 483.959 Thread 0x00000152db0be7d0 Uncommon trap: reason=unstable_if action=reinterpret pc=0x00000152ecfefd94 method=lombok.core.TypeLibrary.toQualifieds(Ljava/lang/String;)Ljava/util/List; @ 4 c2
Event: 483.959 Thread 0x00000152db0be7d0 DEOPT PACKING pc=0x00000152ecfefd94 sp=0x00000001577fcd30
Event: 483.959 Thread 0x00000152db0be7d0 DEOPT UNPACKING pc=0x00000152ec3169a3 sp=0x00000001577fcc88 mode 2
Event: 483.959 Thread 0x00000152db0be7d0 Uncommon trap: trap_request=0xffffff45 fr.pc=0x00000152ecff2864 relative=0x0000000000000724
Event: 483.959 Thread 0x00000152db0be7d0 Uncommon trap: reason=unstable_if action=reinterpret pc=0x00000152ecff2864 method=lombok.core.TypeLibrary.toQualifieds(Ljava/lang/String;)Ljava/util/List; @ 4 c2
Event: 483.959 Thread 0x00000152db0be7d0 DEOPT PACKING pc=0x00000152ecff2864 sp=0x00000001577fcce0
Event: 483.960 Thread 0x00000152db0be7d0 DEOPT UNPACKING pc=0x00000152ec3169a3 sp=0x00000001577fcc98 mode 2
Event: 487.373 Thread 0x00000152db0be7d0 DEOPT PACKING pc=0x00000152e61c8b40 sp=0x00000001577fcc00
Event: 487.373 Thread 0x00000152db0be7d0 DEOPT UNPACKING pc=0x00000152ec317143 sp=0x00000001577fc0d8 mode 0

Classes loaded (20 events):
Event: 207.173 Loading class javax/management/ReflectionException
Event: 207.174 Loading class javax/management/ReflectionException done
Event: 207.191 Loading class java/util/jar/JarOutputStream
Event: 207.191 Loading class java/util/jar/JarOutputStream done
Event: 209.183 Loading class java/net/HttpURLConnection
Event: 209.184 Loading class java/net/HttpURLConnection done
Event: 209.213 Loading class java/util/jar/JarInputStream
Event: 209.214 Loading class java/util/jar/JarInputStream done
Event: 209.300 Loading class java/io/FileFilter
Event: 209.300 Loading class java/io/FileFilter done
Event: 209.312 Loading class sun/security/util/ManifestEntryVerifier
Event: 209.313 Loading class sun/security/util/ManifestEntryVerifier done
Event: 216.477 Loading class jdk/internal/misc/ScopedMemoryAccess$Scope$Handle
Event: 216.478 Loading class jdk/internal/misc/ScopedMemoryAccess$Scope$Handle done
Event: 253.746 Loading class jdk/internal/module/IllegalAccessLogger
Event: 253.747 Loading class jdk/internal/module/IllegalAccessLogger done
Event: 329.481 Loading class jdk/internal/module/IllegalAccessLogger
Event: 329.481 Loading class jdk/internal/module/IllegalAccessLogger done
Event: 466.637 Loading class jdk/internal/module/IllegalAccessLogger
Event: 466.637 Loading class jdk/internal/module/IllegalAccessLogger done

Classes unloaded (20 events):
Event: 358.124 Thread 0x00000152dd2c3e60 Unloading class 0x0000015281430800 'lombok/core/AnnotationProcessor'
Event: 358.124 Thread 0x00000152dd2c3e60 Unloading class 0x0000015281415ac0 'lombok/mapstruct/NotifierHider$AstModificationNotifier'
Event: 358.124 Thread 0x00000152dd2c3e60 Unloading class 0x0000015281415860 'org/mapstruct/ap/internal/util/AnnotationProcessorContext$FaultyDelegatingIterator'
Event: 358.124 Thread 0x00000152dd2c3e60 Unloading class 0x0000015281415668 'org/mapstruct/ap/spi/AstModifyingAnnotationProcessor'
Event: 358.124 Thread 0x00000152dd2c3e60 Unloading class 0x0000015281415470 'org/mapstruct/ap/spi/BuilderProvider'
Event: 358.124 Thread 0x00000152dd2c3e60 Unloading class 0x0000015281415278 'org/mapstruct/ap/spi/AccessorNamingStrategy'
Event: 358.124 Thread 0x00000152dd2c3e60 Unloading class 0x0000015281415010 'org/mapstruct/ap/internal/util/AnnotationProcessorContext'
Event: 358.124 Thread 0x00000152dd2c3e60 Unloading class 0x0000015281414e18 'org/mapstruct/ap/spi/MapStructProcessingEnvironment'
Event: 358.124 Thread 0x00000152dd2c3e60 Unloading class 0x0000015281414bc8 'org/mapstruct/ap/internal/option/Options'
Event: 358.124 Thread 0x00000152dd2c3e60 Unloading class 0x0000015281414958 'org/mapstruct/ap/internal/util/AnnotationProcessingException'
Event: 358.124 Thread 0x00000152dd2c3e60 Unloading class 0x0000015281414760 'org/mapstruct/ap/internal/processor/ModelElementProcessor$ProcessorContext'
Event: 358.124 Thread 0x00000152dd2c3e60 Unloading class 0x0000015281414500 'org/mapstruct/ap/spi/TypeHierarchyErroneousException'
Event: 358.124 Thread 0x00000152dd2c3e60 Unloading class 0x0000015281414280 'org/mapstruct/ap/MappingProcessor'
Event: 358.124 Thread 0x00000152dd2c3e60 Unloading class 0x0000015281414000 'lombok/launch/AnnotationProcessorHider$ClaimingProcessor'
Event: 358.124 Thread 0x00000152dd2c3e60 Unloading class 0x0000015281430498 'lombok/launch/AnnotationProcessorHider$AstModificationNotifierData'
Event: 358.124 Thread 0x00000152dd2c3e60 Unloading class 0x0000015281430218 'lombok/launch/ClassFileMetaData'
Event: 358.124 Thread 0x00000152dd2c3e60 Unloading class 0x0000015281430000 'lombok/launch/PackageShader'
Event: 358.124 Thread 0x00000152dd2c3e60 Unloading class 0x0000015281425c80 'lombok/launch/ShadowClassLoader'
Event: 358.124 Thread 0x00000152dd2c3e60 Unloading class 0x0000015281425a80 'lombok/launch/Main'
Event: 358.124 Thread 0x00000152dd2c3e60 Unloading class 0x0000015281425800 'lombok/launch/AnnotationProcessorHider$AnnotationProcessor'

Classes redefined (0 events):
No events

Internal exceptions (20 events):
Event: 465.558 Thread 0x00000152db0be7d0 Exception <a 'sun/nio/fs/WindowsException'{0x00000000cb557b68}> (0x00000000cb557b68) 
thrown [s\src\hotspot\share\prims\jni.cpp, line 516]
Event: 465.558 Thread 0x00000152db0be7d0 Exception <a 'sun/nio/fs/WindowsException'{0x00000000cb558820}> (0x00000000cb558820) 
thrown [s\src\hotspot\share\prims\jni.cpp, line 516]
Event: 465.558 Thread 0x00000152db0be7d0 Exception <a 'sun/nio/fs/WindowsException'{0x00000000cb55f428}> (0x00000000cb55f428) 
thrown [s\src\hotspot\share\prims\jni.cpp, line 516]
Event: 465.559 Thread 0x00000152db0be7d0 Exception <a 'sun/nio/fs/WindowsException'{0x00000000cb560720}> (0x00000000cb560720) 
thrown [s\src\hotspot\share\prims\jni.cpp, line 516]
Event: 465.559 Thread 0x00000152db0be7d0 Exception <a 'sun/nio/fs/WindowsException'{0x00000000cb561c90}> (0x00000000cb561c90) 
thrown [s\src\hotspot\share\prims\jni.cpp, line 516]
Event: 465.559 Thread 0x00000152db0be7d0 Exception <a 'sun/nio/fs/WindowsException'{0x00000000cb562958}> (0x00000000cb562958) 
thrown [s\src\hotspot\share\prims\jni.cpp, line 516]
Event: 465.559 Thread 0x00000152db0be7d0 Exception <a 'sun/nio/fs/WindowsException'{0x00000000cb566078}> (0x00000000cb566078) 
thrown [s\src\hotspot\share\prims\jni.cpp, line 516]
Event: 465.559 Thread 0x00000152db0be7d0 Exception <a 'sun/nio/fs/WindowsException'{0x00000000cb567640}> (0x00000000cb567640) 
thrown [s\src\hotspot\share\prims\jni.cpp, line 516]
Event: 465.560 Thread 0x00000152db0be7d0 Exception <a 'sun/nio/fs/WindowsException'{0x00000000cb569700}> (0x00000000cb569700) 
thrown [s\src\hotspot\share\prims\jni.cpp, line 516]
Event: 465.560 Thread 0x00000152db0be7d0 Exception <a 'sun/nio/fs/WindowsException'{0x00000000cb56a3a8}> (0x00000000cb56a3a8) 
thrown [s\src\hotspot\share\prims\jni.cpp, line 516]
Event: 465.560 Thread 0x00000152db0be7d0 Exception <a 'sun/nio/fs/WindowsException'{0x00000000cb56d608}> (0x00000000cb56d608) 
thrown [s\src\hotspot\share\prims\jni.cpp, line 516]
Event: 465.560 Thread 0x00000152db0be7d0 Exception <a 'sun/nio/fs/WindowsException'{0x00000000cb56e8b0}> (0x00000000cb56e8b0) 
thrown [s\src\hotspot\share\prims\jni.cpp, line 516]
Event: 465.560 Thread 0x00000152db0be7d0 Exception <a 'sun/nio/fs/WindowsException'{0x00000000cb56fd58}> (0x00000000cb56fd58) 
thrown [s\src\hotspot\share\prims\jni.cpp, line 516]
Event: 465.560 Thread 0x00000152db0be7d0 Exception <a 'sun/nio/fs/WindowsException'{0x00000000cb570a10}> (0x00000000cb570a10) 
thrown [s\src\hotspot\share\prims\jni.cpp, line 516]
Event: 465.739 Thread 0x00000152db0be7d0 Exception <a 'sun/nio/fs/WindowsException'{0x00000000ca801dc8}> (0x00000000ca801dc8) 
thrown [s\src\hotspot\share\prims\jni.cpp, line 516]
Event: 465.740 Thread 0x00000152db0be7d0 Exception <a 'sun/nio/fs/WindowsException'{0x00000000ca803d70}> (0x00000000ca803d70) 
thrown [s\src\hotspot\share\prims\jni.cpp, line 516]
Event: 465.740 Thread 0x00000152db0be7d0 Exception <a 'sun/nio/fs/WindowsException'{0x00000000ca806fb8}> (0x00000000ca806fb8) 
thrown [s\src\hotspot\share\prims\jni.cpp, line 516]
Event: 465.740 Thread 0x00000152db0be7d0 Exception <a 'sun/nio/fs/WindowsException'{0x00000000ca807c60}> (0x00000000ca807c60) 
thrown [s\src\hotspot\share\prims\jni.cpp, line 516]
Event: 483.958 Thread 0x00000152db0be7d0 Implicit null exception at 0x00000152ecfeca44 to 0x00000152ecfefd6c
Event: 483.959 Thread 0x00000152db0be7d0 Implicit null exception at 0x00000152ecff2172 to 0x00000152ecff284c

VM Operations (20 events):
Event: 483.941 Executing VM operation: G1CollectForAllocation done
Event: 483.959 Executing VM operation: HandshakeAllThreads
Event: 483.959 Executing VM operation: HandshakeAllThreads done
Event: 484.185 Executing VM operation: G1CollectForAllocation
Event: 484.243 Executing VM operation: G1CollectForAllocation done
Event: 485.243 Executing VM operation: Cleanup
Event: 485.244 Executing VM operation: Cleanup done
Event: 486.244 Executing VM operation: Cleanup
Event: 486.291 Executing VM operation: Cleanup done
Event: 486.612 Executing VM operation: G1CollectForAllocation
Event: 486.634 Executing VM operation: G1CollectForAllocation done
Event: 487.629 Executing VM operation: G1PauseRemark
Event: 487.658 Executing VM operation: G1PauseRemark done
Event: 488.073 Executing VM operation: G1PauseCleanup
Event: 488.128 Executing VM operation: G1PauseCleanup done
Event: 488.785 Executing VM operation: G1CollectForAllocation
Event: 488.819 Executing VM operation: G1CollectForAllocation done
Event: 488.916 Executing VM operation: G1CollectForAllocation
Event: 489.024 Executing VM operation: G1CollectForAllocation done
Event: 489.267 Executing VM operation: G1TryInitiateConcMark

Memory protections (0 events):
No events

Nmethod flushes (20 events):
Event: 484.067 Thread 0x00000152f8756210 flushing  nmethod 0x00000152e569c190
Event: 484.067 Thread 0x00000152f8756210 flushing  nmethod 0x00000152e56a2b10
Event: 484.067 Thread 0x00000152f8756210 flushing  nmethod 0x00000152e56baf90
Event: 484.068 Thread 0x00000152f8756210 flushing  nmethod 0x00000152e5734a90
Event: 484.070 Thread 0x00000152f8756210 flushing  nmethod 0x00000152e57f9b10
Event: 484.075 Thread 0x00000152f8756210 flushing  nmethod 0x00000152e5858f10
Event: 484.077 Thread 0x00000152f8756210 flushing  nmethod 0x00000152e58d5b90
Event: 484.077 Thread 0x00000152f8756210 flushing  nmethod 0x00000152e58d8690
Event: 484.078 Thread 0x00000152f8756210 flushing  nmethod 0x00000152e58e3f10
Event: 484.078 Thread 0x00000152f8756210 flushing  nmethod 0x00000152e58eea90
Event: 484.078 Thread 0x00000152f8756210 flushing  nmethod 0x00000152e58f3790
Event: 484.082 Thread 0x00000152f8756210 flushing  nmethod 0x00000152e59a2c10
Event: 484.083 Thread 0x00000152f8756210 flushing  nmethod 0x00000152e59ef810
Event: 484.093 Thread 0x00000152f8756210 flushing  nmethod 0x00000152e5bc3d90
Event: 484.093 Thread 0x00000152f8756210 flushing  nmethod 0x00000152e5bc8f10
Event: 484.094 Thread 0x00000152f8756210 flushing  nmethod 0x00000152e5bf0b90
Event: 484.104 Thread 0x00000152f8756210 flushing  nmethod 0x00000152e5cc6210
Event: 484.104 Thread 0x00000152f8756210 flushing  nmethod 0x00000152e5cc6810
Event: 484.104 Thread 0x00000152f8756210 flushing  nmethod 0x00000152e5cc7590
Event: 484.116 Thread 0x00000152f8756210 flushing  nmethod 0x00000152e5f30a10

Events (20 events):
Event: 200.015 Thread 0x00000152fd8453d0 Thread exited: 0x00000152fd8453d0
Event: 200.016 Thread 0x00000152fd8458e0 Thread exited: 0x00000152fd8458e0
Event: 200.016 Thread 0x00000152fd844ec0 Thread exited: 0x00000152fd844ec0
Event: 200.016 Thread 0x00000152fd847740 Thread exited: 0x00000152fd847740
Event: 262.393 Thread 0x00000152db0be7d0 Thread added: 0x00000152fd8453d0
Event: 262.394 Thread 0x00000152db0be7d0 Thread added: 0x00000152fd844ec0
Event: 262.395 Thread 0x00000152db0be7d0 Thread added: 0x00000152fd847740
Event: 262.396 Thread 0x00000152db0be7d0 Thread added: 0x00000152fd8458e0
Event: 262.765 Thread 0x00000152fd8453d0 Thread exited: 0x00000152fd8453d0
Event: 262.765 Thread 0x00000152fd844ec0 Thread exited: 0x00000152fd844ec0
Event: 262.765 Thread 0x00000152fd8458e0 Thread exited: 0x00000152fd8458e0
Event: 262.771 Thread 0x00000152fd847740 Thread exited: 0x00000152fd847740
Event: 350.799 Thread 0x00000152db0be7d0 Thread added: 0x00000152fd8453d0
Event: 350.802 Thread 0x00000152db0be7d0 Thread added: 0x00000152fd8458e0
Event: 350.802 Thread 0x00000152db0be7d0 Thread added: 0x00000152fd846300
Event: 350.806 Thread 0x00000152db0be7d0 Thread added: 0x00000152fd847740
Event: 351.358 Thread 0x00000152fd846300 Thread exited: 0x00000152fd846300
Event: 351.365 Thread 0x00000152fd8453d0 Thread exited: 0x00000152fd8453d0
Event: 351.367 Thread 0x00000152fd8458e0 Thread exited: 0x00000152fd8458e0
Event: 351.369 Thread 0x00000152fd847740 Thread exited: 0x00000152fd847740


Dynamic libraries:
0x00007ff69a500000 - 0x00007ff69a50e000 	C:\Users\kumar\.jdks\ms-17.0.18\bin\java.exe
0x00007ffe6c690000 - 0x00007ffe6c888000 	C:\WINDOWS\SYSTEM32\ntdll.dll
0x00007ffe6a710000 - 0x00007ffe6a7d2000 	C:\WINDOWS\System32\KERNEL32.DLL
0x00007ffe69d50000 - 0x00007ffe6a046000 	C:\WINDOWS\System32\KERNELBASE.dll
0x00007ffe6a450000 - 0x00007ffe6a550000 	C:\WINDOWS\System32\ucrtbase.dll
0x00007ffe61440000 - 0x00007ffe61458000 	C:\Users\kumar\.jdks\ms-17.0.18\bin\jli.dll
0x00007ffe6b3b0000 - 0x00007ffe6b551000 	C:\WINDOWS\System32\USER32.dll
0x00007ffe6a180000 - 0x00007ffe6a1a2000 	C:\WINDOWS\System32\win32u.dll
0x00007ffe6b780000 - 0x00007ffe6b7ab000 	C:\WINDOWS\System32\GDI32.dll
0x00007ffe6a1b0000 - 0x00007ffe6a2c9000 	C:\WINDOWS\System32\gdi32full.dll
0x00007ffe6a3b0000 - 0x00007ffe6a44d000 	C:\WINDOWS\System32\msvcp_win.dll
0x00007ffe61410000 - 0x00007ffe6142e000 	C:\Users\kumar\.jdks\ms-17.0.18\bin\VCRUNTIME140.dll
0x00007ffe54a10000 - 0x00007ffe54cab000 	C:\WINDOWS\WinSxS\amd64_microsoft.windows.common-controls_6595b64144ccf1df_6.0.19041.6456_none_60b8a6cb71f64256\COMCTL32.dll
0x00007ffe6b9f0000 - 0x00007ffe6ba8e000 	C:\WINDOWS\System32\msvcrt.dll
0x00007ffe6b740000 - 0x00007ffe6b76f000 	C:\WINDOWS\System32\IMM32.DLL
0x00007ffe614d0000 - 0x00007ffe614dc000 	C:\Users\kumar\.jdks\ms-17.0.18\bin\vcruntime140_1.dll
0x00007ffe42200000 - 0x00007ffe42289000 	C:\Users\kumar\.jdks\ms-17.0.18\bin\msvcp140.dll
0x00007ffdd08b0000 - 0x00007ffdd152a000 	C:\Users\kumar\.jdks\ms-17.0.18\bin\server\jvm.dll
0x00007ffe6b680000 - 0x00007ffe6b731000 	C:\WINDOWS\System32\ADVAPI32.dll
0x00007ffe6baa0000 - 0x00007ffe6bb3f000 	C:\WINDOWS\System32\sechost.dll
0x00007ffe6c4d0000 - 0x00007ffe6c5f0000 	C:\WINDOWS\System32\RPCRT4.dll
0x00007ffe69d20000 - 0x00007ffe69d47000 	C:\WINDOWS\System32\bcrypt.dll
0x00007ffe6b230000 - 0x00007ffe6b29b000 	C:\WINDOWS\System32\WS2_32.dll
0x00007ffe69b80000 - 0x00007ffe69bcb000 	C:\WINDOWS\SYSTEM32\POWRPROF.dll
0x00007ffe54cc0000 - 0x00007ffe54ce7000 	C:\WINDOWS\SYSTEM32\WINMM.dll
0x00007ffe60ab0000 - 0x00007ffe60aba000 	C:\WINDOWS\SYSTEM32\VERSION.dll
0x00007ffe69b60000 - 0x00007ffe69b72000 	C:\WINDOWS\SYSTEM32\UMPDC.dll
0x00007ffe68530000 - 0x00007ffe68542000 	C:\WINDOWS\SYSTEM32\kernel.appcore.dll
0x00007ffe61390000 - 0x00007ffe6139a000 	C:\Users\kumar\.jdks\ms-17.0.18\bin\jimage.dll
0x00007ffe67a70000 - 0x00007ffe67c71000 	C:\WINDOWS\SYSTEM32\DBGHELP.DLL
0x00007ffe43080000 - 0x00007ffe430b4000 	C:\WINDOWS\SYSTEM32\dbgcore.DLL
0x00007ffe6a320000 - 0x00007ffe6a3a2000 	C:\WINDOWS\System32\bcryptPrimitives.dll
0x00007ffe48500000 - 0x00007ffe48526000 	C:\Users\kumar\.jdks\ms-17.0.18\bin\java.dll
0x00007ffe3ad60000 - 0x00007ffe3ae36000 	C:\Users\kumar\.jdks\ms-17.0.18\bin\jsvml.dll
0x00007ffe6a7e0000 - 0x00007ffe6af50000 	C:\WINDOWS\System32\SHELL32.dll
0x00007ffe67d70000 - 0x00007ffe68515000 	C:\WINDOWS\SYSTEM32\windows.storage.dll
0x00007ffe6bfd0000 - 0x00007ffe6c324000 	C:\WINDOWS\System32\combase.dll
0x00007ffe69670000 - 0x00007ffe6969b000 	C:\WINDOWS\SYSTEM32\Wldp.dll
0x00007ffe6b0e0000 - 0x00007ffe6b1ad000 	C:\WINDOWS\System32\OLEAUT32.dll
0x00007ffe6c330000 - 0x00007ffe6c3dd000 	C:\WINDOWS\System32\SHCORE.dll
0x00007ffe6a6b0000 - 0x00007ffe6a70b000 	C:\WINDOWS\System32\shlwapi.dll
0x00007ffe69c50000 - 0x00007ffe69c74000 	C:\WINDOWS\SYSTEM32\profapi.dll
0x00007ffe4c040000 - 0x00007ffe4c05b000 	C:\Users\kumar\.jdks\ms-17.0.18\bin\net.dll
0x00007ffe579a0000 - 0x00007ffe57aaa000 	C:\WINDOWS\SYSTEM32\WINHTTP.dll
0x00007ffe693d0000 - 0x00007ffe6943a000 	C:\WINDOWS\system32\mswsock.dll
0x00007ffe4a320000 - 0x00007ffe4a336000 	C:\Users\kumar\.jdks\ms-17.0.18\bin\nio.dll
0x00007ffe611f0000 - 0x00007ffe61208000 	C:\Users\kumar\.jdks\ms-17.0.18\bin\zip.dll
0x00007ffe632c0000 - 0x00007ffe632e4000 	C:\Program Files\JetBrains\IntelliJ IDEA 2026.1\plugins\maven\lib\maven3\lib\jansi-native\Windows\x86_64\jansi.dll
0x00007ffe4c300000 - 0x00007ffe4c310000 	C:\Users\kumar\.jdks\ms-17.0.18\bin\verify.dll

dbghelp: loaded successfully - version: 4.0.5 - missing functions: none
symbol engine: initialized successfully - sym options: 0x614 - pdb path: .;C:\Users\kumar\.jdks\ms-17.0.18\bin;C:\WINDOWS\SYSTEM32;C:\WINDOWS\WinSxS\amd64_microsoft.windows.common-controls_6595b64144ccf1df_6.0.19041.6456_none_60b8a6cb71f64256;C:\Users\kumar\.jdks\ms-17.0.18\bin\server;C:\Program Files\JetBrains\IntelliJ IDEA 2026.1\plugins\maven\lib\maven3\lib\jansi-native\Windows\x86_64

VM Arguments:
jvm_args: --enable-native-access=ALL-UNNAMED -Dfile.encoding=UTF-8 -Dclassworlds.conf=C:\Program Files\JetBrains\IntelliJ IDEA 2026.1\plugins\maven\lib\maven3\bin\m2.conf -Dmaven.home=C:\Program Files\JetBrains\IntelliJ IDEA 2026.1\plugins\maven\lib\maven3 -Dlibrary.jansi.path=C:\Program Files\JetBrains\IntelliJ IDEA 2026.1\plugins\maven\lib\maven3\lib\jansi-native -Dmaven.multiModuleProjectDirectory=D:\backend-toshani-NEW\parent-pom 
java_command: org.codehaus.plexus.classworlds.launcher.Launcher -Didea.version=2026.1 -Dmaven.ext.class.path=C:\Program Files\JetBrains\IntelliJ IDEA 2026.1\plugins\maven\lib\intellij.maven.rt\maven-event-listener.jar -Djansi.passthrough=true -Dstyle.color=always -Dmaven.repo.local=C:\Users\kumar\.m2\repository clean install -f pom.xml
java_class_path (initial): C:\Program Files\JetBrains\IntelliJ IDEA 2026.1\plugins\maven\lib\maven3\boot\plexus-classworlds-2.9.0.jar
Launcher Type: SUN_STANDARD

[Global flags]
     intx CICompilerCount                          = 3                                         {product} {ergonomic}
     uint ConcGCThreads                            = 1                                         {product} {ergonomic}
     uint G1ConcRefinementThreads                  = 4                                         {product} {ergonomic}
   size_t G1HeapRegionSize                         = 1048576                                   {product} {ergonomic}
    uintx GCDrainStackTargetSize                   = 64                                        {product} {ergonomic}
   size_t InitialHeapSize                          = 67108864                                  {product} {ergonomic}
   size_t MarkStackSize                            = 4194304                                   {product} {ergonomic}
   size_t MaxHeapSize                              = 1050673152                                {product} {ergonomic}
   size_t MaxNewSize                               = 630194176                                 {product} {ergonomic}
   size_t MinHeapDeltaBytes                        = 1048576                                   {product} {ergonomic}
   size_t MinHeapSize                              = 8388608                                   {product} {ergonomic}
    uintx NonNMethodCodeHeapSize                   = 5832780                                {pd product} {ergonomic}
    uintx NonProfiledCodeHeapSize                  = 122912730                              {pd product} {ergonomic}
    uintx ProfiledCodeHeapSize                     = 122912730                              {pd product} {ergonomic}
    uintx ReservedCodeCacheSize                    = 251658240                              {pd product} {ergonomic}
     bool SegmentedCodeCache                       = true                                      {product} {ergonomic}
   size_t SoftMaxHeapSize                          = 1050673152                             {manageable} {ergonomic}
     bool UseCompressedClassPointers               = true                           {product lp64_product} {ergonomic}
     bool UseCompressedOops                        = true                           {product lp64_product} {ergonomic}
     bool UseG1GC                                  = true                                      {product} {ergonomic}
     bool UseLargePagesIndividualAllocation        = false                                  {pd product} {ergonomic}

Logging:
Log output configuration:
 #0: stdout all=warning uptime,level,tags
 #1: stderr all=off uptime,level,tags

Environment Variables:
JAVA_HOME=C:\Users\kumar\.jdks\ms-17.0.18
PATH=C:\WINDOWS\system32;C:\WINDOWS;C:\WINDOWS\System32\Wbem;C:\WINDOWS\System32\WindowsPowerShell\v1.0\;C:\WINDOWS\System32\OpenSSH\;C:\Program Files\Java\jdk-14.0.2\bin;C:\Program Files\Git\cmd;C:\Users\kumar\AppData\Local\Microsoft\WindowsApps;
USERNAME=kumar
OS=Windows_NT
PROCESSOR_IDENTIFIER=Intel64 Family 6 Model 142 Stepping 9, GenuineIntel
TMP=C:\Users\kumar\AppData\Local\Temp
TEMP=C:\Users\kumar\AppData\Local\Temp



Periodic native trim disabled


---------------  S Y S T E M  ---------------

OS:
 Windows 10 , 64 bit Build 19041 (10.0.19041.5915)
OS uptime: 7 days 13:50 hours

CPU: total 4 (initial active 4) (2 cores per cpu, 2 threads per core) family 6 model 142 stepping 9 microcode 0xc6, cx8, cmov, fxsr, ht, mmx, 3dnowpref, sse, sse2, sse3, ssse3, sse4.1, sse4.2, popcnt, lzcnt, tsc, tscinvbit, avx, avx2, aes, erms, clmul, bmi1, bmi2, adx, fma, vzeroupper, clflush, clflushopt
Processor Information for the first 4 processors :
  Max Mhz: 2304, Current Mhz: 2304, Mhz Limit: 2304

Memory: 4k page, system-wide physical 4001M (65M free)
TotalPageFile size 16289M (AvailPageFile size 46M)
current process WorkingSet (physical memory assigned to process): 210M, peak: 227M
current process commit charge ("private bytes"): 374M, peak: 514M

vm_info: OpenJDK 64-Bit Server VM (17.0.18+8-LTS) for windows-amd64 JRE (17.0.18+8-LTS), built on Jan 15 2026 18:50:45 by "MicrosoftCorporation" with MS VC++ 17.14 (VS2022)

END.
